2020-03-23 19:35:51,435 INFO 14796 [egg-schedule]: register schedule D:\架构课\8. eggjs\egg-example\node_modules\egg-multipart\app\schedule\clean_tmpdir.js
2020-03-23 19:35:51,435 INFO 14796 [egg-schedule]: register schedule D:\架构课\8. eggjs\egg-example\node_modules\egg-logrotator\app\schedule\clean_log.js
2020-03-23 19:35:51,435 INFO 14796 [egg-schedule]: register schedule D:\架构课\8. eggjs\egg-example\node_modules\egg-logrotator\app\schedule\rotate_by_file.js
2020-03-23 19:35:51,435 INFO 14796 [egg-schedule]: register schedule D:\架构课\8. eggjs\egg-example\app\schedule\update_cache.js
2020-03-23 19:35:52,630 INFO 14796 [Job#15849633526292693657355389974] D:\架构课\8. eggjs\egg-example\app\schedule\update_cache.js executing by app
2020-03-23 19:35:52,707 INFO 14796 [Job#15849633526292693657355389974] D:\架构课\8. eggjs\egg-example\app\schedule\update_cache.js execute succeed, used 77ms
2020-03-23 19:36:00,833 INFO 3584 [egg-schedule]: register schedule D:\架构课\8. eggjs\egg-example\node_modules\egg-multipart\app\schedule\clean_tmpdir.js
2020-03-23 19:36:00,833 INFO 3584 [egg-schedule]: register schedule D:\架构课\8. eggjs\egg-example\node_modules\egg-logrotator\app\schedule\clean_log.js
2020-03-23 19:36:00,833 INFO 3584 [egg-schedule]: register schedule D:\架构课\8. eggjs\egg-example\node_modules\egg-logrotator\app\schedule\rotate_by_file.js
2020-03-23 19:36:00,833 INFO 3584 [egg-schedule]: register schedule D:\架构课\8. eggjs\egg-example\app\schedule\update_cache.js
2020-03-23 19:36:02,630 INFO 3584 [Job#15849633626292694657413180075] D:\架构课\8. eggjs\egg-example\app\schedule\update_cache.js executing by app
2020-03-23 19:36:02,803 INFO 3584 [Job#15849633626292694657413180075] D:\架构课\8. eggjs\egg-example\app\schedule\update_cache.js execute succeed, used 173ms
2020-03-23 19:36:04,092 INFO 5628 [egg-schedule]: register schedule D:\架构课\8. eggjs\egg-example\node_modules\egg-multipart\app\schedule\clean_tmpdir.js
2020-03-23 19:36:04,092 INFO 5628 [egg-schedule]: register schedule D:\架构课\8. eggjs\egg-example\node_modules\egg-logrotator\app\schedule\clean_log.js
2020-03-23 19:36:04,092 INFO 5628 [egg-schedule]: register schedule D:\架构课\8. eggjs\egg-example\node_modules\egg-logrotator\app\schedule\rotate_by_file.js
2020-03-23 19:36:04,092 INFO 5628 [egg-schedule]: register schedule D:\架构课\8. eggjs\egg-example\app\schedule\update_cache.js
2020-03-23 19:36:04,375 INFO 5628 [Job#15849633626292694657413180075] D:\架构课\8. eggjs\egg-example\app\schedule\update_cache.js executing by app
2020-03-23 19:36:04,603 INFO 5628 [Job#15849633626292694657413180075] D:\架构课\8. eggjs\egg-example\app\schedule\update_cache.js execute succeed, used 228ms
2020-03-23 19:36:09,497 INFO 22196 [egg-schedule]: register schedule D:\架构课\8. eggjs\egg-example\node_modules\egg-multipart\app\schedule\clean_tmpdir.js
2020-03-23 19:36:09,497 INFO 22196 [egg-schedule]: register schedule D:\架构课\8. eggjs\egg-example\node_modules\egg-logrotator\app\schedule\clean_log.js
2020-03-23 19:36:09,497 INFO 22196 [egg-schedule]: register schedule D:\架构课\8. eggjs\egg-example\node_modules\egg-logrotator\app\schedule\rotate_by_file.js
2020-03-23 19:36:09,497 INFO 22196 [egg-schedule]: register schedule D:\架构课\8. eggjs\egg-example\app\schedule\update_cache.js
2020-03-23 19:36:12,633 INFO 22196 [Job#15849633726322695657633980076] D:\架构课\8. eggjs\egg-example\app\schedule\update_cache.js executing by app
2020-03-23 19:36:12,747 INFO 22196 [Job#15849633726322695657633980076] D:\架构课\8. eggjs\egg-example\app\schedule\update_cache.js execute succeed, used 114ms
2020-03-23 19:36:16,257 INFO 4044 [egg-schedule]: register schedule D:\架构课\8. eggjs\egg-example\node_modules\egg-multipart\app\schedule\clean_tmpdir.js
2020-03-23 19:36:16,257 INFO 4044 [egg-schedule]: register schedule D:\架构课\8. eggjs\egg-example\node_modules\egg-logrotator\app\schedule\clean_log.js
2020-03-23 19:36:16,257 INFO 4044 [egg-schedule]: register schedule D:\架构课\8. eggjs\egg-example\node_modules\egg-logrotator\app\schedule\rotate_by_file.js
2020-03-23 19:36:16,257 INFO 4044 [egg-schedule]: register schedule D:\架构课\8. eggjs\egg-example\app\schedule\update_cache.js
2020-03-23 19:36:22,634 INFO 4044 [Job#15849633826332696657766169977] D:\架构课\8. eggjs\egg-example\app\schedule\update_cache.js executing by app
2020-03-23 19:36:22,846 INFO 4044 [Job#15849633826332696657766169977] D:\架构课\8. eggjs\egg-example\app\schedule\update_cache.js execute succeed, used 212ms
2020-03-23 19:36:32,634 INFO 4044 [Job#15849633926342697657804990078] D:\架构课\8. eggjs\egg-example\app\schedule\update_cache.js executing by app
2020-03-23 19:36:32,847 INFO 4044 [Job#15849633926342697657804990078] D:\架构课\8. eggjs\egg-example\app\schedule\update_cache.js execute succeed, used 213ms
2020-03-23 19:36:42,635 INFO 4044 [Job#15849634026352698657931629979] D:\架构课\8. eggjs\egg-example\app\schedule\update_cache.js executing by app
2020-03-23 19:36:42,810 INFO 4044 [Job#15849634026352698657931629979] D:\架构课\8. eggjs\egg-example\app\schedule\update_cache.js execute succeed, used 175ms
2020-03-23 19:36:52,636 INFO 4044 [Job#15849634126362699658061850080] D:\架构课\8. eggjs\egg-example\app\schedule\update_cache.js executing by app
2020-03-23 19:36:52,825 INFO 4044 [Job#15849634126362699658061850080] D:\架构课\8. eggjs\egg-example\app\schedule\update_cache.js execute succeed, used 188ms
2020-03-23 19:37:02,638 INFO 4044 [Job#15849634226372700658186939981] D:\架构课\8. eggjs\egg-example\app\schedule\update_cache.js executing by app
2020-03-23 19:37:02,857 INFO 4044 [Job#15849634226372700658186939981] D:\架构课\8. eggjs\egg-example\app\schedule\update_cache.js execute succeed, used 219ms
2020-03-23 19:37:12,639 INFO 4044 [Job#15849634326392701658296530082] D:\架构课\8. eggjs\egg-example\app\schedule\update_cache.js executing by app
2020-03-23 19:37:12,812 INFO 4044 [Job#15849634326392701658296530082] D:\架构课\8. eggjs\egg-example\app\schedule\update_cache.js execute succeed, used 173ms
2020-03-23 19:37:22,639 INFO 4044 [Job#15849634426392702658311190083] D:\架构课\8. eggjs\egg-example\app\schedule\update_cache.js executing by app
2020-03-23 19:37:22,835 INFO 4044 [Job#15849634426392702658311190083] D:\架构课\8. eggjs\egg-example\app\schedule\update_cache.js execute succeed, used 196ms
2020-03-23 19:37:32,640 INFO 4044 [Job#15849634526402703658435959984] D:\架构课\8. eggjs\egg-example\app\schedule\update_cache.js executing by app
2020-03-23 19:37:32,832 INFO 4044 [Job#15849634526402703658435959984] D:\架构课\8. eggjs\egg-example\app\schedule\update_cache.js execute succeed, used 191ms
2020-03-23 19:37:42,641 INFO 4044 [Job#15849634626402704658494210085] D:\架构课\8. eggjs\egg-example\app\schedule\update_cache.js executing by app
2020-03-23 19:37:42,814 INFO 4044 [Job#15849634626402704658494210085] D:\架构课\8. eggjs\egg-example\app\schedule\update_cache.js execute succeed, used 173ms
2020-03-23 19:37:52,643 INFO 4044 [Job#15849634726422705658653969986] D:\架构课\8. eggjs\egg-example\app\schedule\update_cache.js executing by app
2020-03-23 19:37:52,853 INFO 4044 [Job#15849634726422705658653969986] D:\架构课\8. eggjs\egg-example\app\schedule\update_cache.js execute succeed, used 210ms
2020-03-23 19:38:02,644 INFO 4044 [Job#15849634826432706658787990087] D:\架构课\8. eggjs\egg-example\app\schedule\update_cache.js executing by app
2020-03-23 19:38:02,824 INFO 4044 [Job#15849634826432706658787990087] D:\架构课\8. eggjs\egg-example\app\schedule\update_cache.js execute succeed, used 180ms
2020-03-23 19:38:12,645 INFO 4044 [Job#15849634926452707658898160088] D:\架构课\8. eggjs\egg-example\app\schedule\update_cache.js executing by app
2020-03-23 19:38:12,850 INFO 4044 [Job#15849634926452707658898160088] D:\架构课\8. eggjs\egg-example\app\schedule\update_cache.js execute succeed, used 205ms
2020-03-23 19:38:22,646 INFO 4044 [Job#15849635026462708659019540089] D:\架构课\8. eggjs\egg-example\app\schedule\update_cache.js executing by app
2020-03-23 19:38:22,820 INFO 4044 [Job#15849635026462708659019540089] D:\架构课\8. eggjs\egg-example\app\schedule\update_cache.js execute succeed, used 174ms
2020-03-23 19:38:32,648 INFO 4044 [Job#15849635126472709659143210090] D:\架构课\8. eggjs\egg-example\app\schedule\update_cache.js executing by app
2020-03-23 19:38:32,855 INFO 4044 [Job#15849635126472709659143210090] D:\架构课\8. eggjs\egg-example\app\schedule\update_cache.js execute succeed, used 207ms
2020-03-23 19:38:42,649 INFO 4044 [Job#15849635226482710659269189991] D:\架构课\8. eggjs\egg-example\app\schedule\update_cache.js executing by app
2020-03-23 19:38:42,808 INFO 4044 [Job#15849635226482710659269189991] D:\架构课\8. eggjs\egg-example\app\schedule\update_cache.js execute succeed, used 159ms
2020-03-23 19:38:52,650 INFO 4044 [Job#15849635326492711659390790092] D:\架构课\8. eggjs\egg-example\app\schedule\update_cache.js executing by app
2020-03-23 19:38:52,816 INFO 4044 [Job#15849635326492711659390790092] D:\架构课\8. eggjs\egg-example\app\schedule\update_cache.js execute succeed, used 166ms
2020-03-23 19:39:00,814 INFO 23132 [egg-schedule]: register schedule D:\架构课\8. eggjs\egg-example\node_modules\egg-multipart\app\schedule\clean_tmpdir.js
2020-03-23 19:39:00,814 INFO 23132 [egg-schedule]: register schedule D:\架构课\8. eggjs\egg-example\node_modules\egg-logrotator\app\schedule\clean_log.js
2020-03-23 19:39:00,814 INFO 23132 [egg-schedule]: register schedule D:\架构课\8. eggjs\egg-example\node_modules\egg-logrotator\app\schedule\rotate_by_file.js
2020-03-23 19:39:00,814 INFO 23132 [egg-schedule]: register schedule D:\架构课\8. eggjs\egg-example\app\schedule\update_cache.js
2020-03-23 19:39:02,651 INFO 23132 [Job#15849635426512712659532500093] D:\架构课\8. eggjs\egg-example\app\schedule\update_cache.js executing by app
2020-03-23 19:39:02,740 INFO 23132 [Job#15849635426512712659532500093] D:\架构课\8. eggjs\egg-example\app\schedule\update_cache.js execute succeed, used 89ms
2020-03-23 19:39:05,260 INFO 20708 [egg-schedule]: register schedule D:\架构课\8. eggjs\egg-example\node_modules\egg-multipart\app\schedule\clean_tmpdir.js
2020-03-23 19:39:05,260 INFO 20708 [egg-schedule]: register schedule D:\架构课\8. eggjs\egg-example\node_modules\egg-logrotator\app\schedule\clean_log.js
2020-03-23 19:39:05,260 INFO 20708 [egg-schedule]: register schedule D:\架构课\8. eggjs\egg-example\node_modules\egg-logrotator\app\schedule\rotate_by_file.js
2020-03-23 19:39:05,260 INFO 20708 [egg-schedule]: register schedule D:\架构课\8. eggjs\egg-example\app\schedule\update_cache.js
2020-03-23 19:39:05,527 INFO 20708 [Job#15849635426512712659532500093] D:\架构课\8. eggjs\egg-example\app\schedule\update_cache.js executing by app
2020-03-23 19:39:05,802 INFO 20708 [Job#15849635426512712659532500093] D:\架构课\8. eggjs\egg-example\app\schedule\update_cache.js execute succeed, used 275ms
2020-03-23 19:39:10,125 INFO 8664 [egg-schedule]: register schedule D:\架构课\8. eggjs\egg-example\node_modules\egg-multipart\app\schedule\clean_tmpdir.js
2020-03-23 19:39:10,125 INFO 8664 [egg-schedule]: register schedule D:\架构课\8. eggjs\egg-example\node_modules\egg-logrotator\app\schedule\clean_log.js
2020-03-23 19:39:10,125 INFO 8664 [egg-schedule]: register schedule D:\架构课\8. eggjs\egg-example\node_modules\egg-logrotator\app\schedule\rotate_by_file.js
2020-03-23 19:39:10,125 INFO 8664 [egg-schedule]: register schedule D:\架构课\8. eggjs\egg-example\app\schedule\update_cache.js
2020-03-23 19:39:14,676 INFO 11632 [egg-schedule]: register schedule D:\架构课\8. eggjs\egg-example\node_modules\egg-multipart\app\schedule\clean_tmpdir.js
2020-03-23 19:39:14,676 INFO 11632 [egg-schedule]: register schedule D:\架构课\8. eggjs\egg-example\node_modules\egg-logrotator\app\schedule\clean_log.js
2020-03-23 19:39:14,676 INFO 11632 [egg-schedule]: register schedule D:\架构课\8. eggjs\egg-example\node_modules\egg-logrotator\app\schedule\rotate_by_file.js
2020-03-23 19:39:14,676 INFO 11632 [egg-schedule]: register schedule D:\架构课\8. eggjs\egg-example\app\schedule\update_cache.js
2020-03-23 19:39:14,989 INFO 11632 [Job#15849635526512713659557400094] D:\架构课\8. eggjs\egg-example\app\schedule\update_cache.js executing by app
2020-03-23 19:39:15,211 INFO 11632 [Job#15849635526512713659557400094] D:\架构课\8. eggjs\egg-example\app\schedule\update_cache.js execute succeed, used 221ms
2020-03-23 19:39:18,497 INFO 20580 [egg-schedule]: register schedule D:\架构课\8. eggjs\egg-example\node_modules\egg-multipart\app\schedule\clean_tmpdir.js
2020-03-23 19:39:18,497 INFO 20580 [egg-schedule]: register schedule D:\架构课\8. eggjs\egg-example\node_modules\egg-logrotator\app\schedule\clean_log.js
2020-03-23 19:39:18,497 INFO 20580 [egg-schedule]: register schedule D:\架构课\8. eggjs\egg-example\node_modules\egg-logrotator\app\schedule\rotate_by_file.js
2020-03-23 19:39:18,497 INFO 20580 [egg-schedule]: register schedule D:\架构课\8. eggjs\egg-example\app\schedule\update_cache.js
2020-03-23 19:39:22,652 INFO 20580 [Job#15849635626522714659600070095] D:\架构课\8. eggjs\egg-example\app\schedule\update_cache.js executing by app
2020-03-23 19:39:22,781 INFO 20580 [Job#15849635626522714659600070095] D:\架构课\8. eggjs\egg-example\app\schedule\update_cache.js execute succeed, used 129ms
2020-03-23 19:39:23,494 INFO 21460 [egg-schedule]: register schedule D:\架构课\8. eggjs\egg-example\node_modules\egg-multipart\app\schedule\clean_tmpdir.js
2020-03-23 19:39:23,494 INFO 21460 [egg-schedule]: register schedule D:\架构课\8. eggjs\egg-example\node_modules\egg-logrotator\app\schedule\clean_log.js
2020-03-23 19:39:23,494 INFO 21460 [egg-schedule]: register schedule D:\架构课\8. eggjs\egg-example\node_modules\egg-logrotator\app\schedule\rotate_by_file.js
2020-03-23 19:39:23,494 INFO 21460 [egg-schedule]: register schedule D:\架构课\8. eggjs\egg-example\app\schedule\update_cache.js
2020-03-23 19:39:23,794 INFO 21460 [Job#15849635626522714659600070095] D:\架构课\8. eggjs\egg-example\app\schedule\update_cache.js executing by app
2020-03-23 19:39:24,033 INFO 21460 [Job#15849635626522714659600070095] D:\架构课\8. eggjs\egg-example\app\schedule\update_cache.js execute succeed, used 239ms
2020-03-23 19:39:32,653 INFO 21460 [Job#15849635726532715659728519996] D:\架构课\8. eggjs\egg-example\app\schedule\update_cache.js executing by app
2020-03-23 19:39:32,837 INFO 21460 [Job#15849635726532715659728519996] D:\架构课\8. eggjs\egg-example\app\schedule\update_cache.js execute succeed, used 183ms
2020-03-23 19:39:33,752 INFO 19028 [egg-schedule]: register schedule D:\架构课\8. eggjs\egg-example\node_modules\egg-multipart\app\schedule\clean_tmpdir.js
2020-03-23 19:39:33,752 INFO 19028 [egg-schedule]: register schedule D:\架构课\8. eggjs\egg-example\node_modules\egg-logrotator\app\schedule\clean_log.js
2020-03-23 19:39:33,752 INFO 19028 [egg-schedule]: register schedule D:\架构课\8. eggjs\egg-example\node_modules\egg-logrotator\app\schedule\rotate_by_file.js
2020-03-23 19:39:33,752 INFO 19028 [egg-schedule]: register schedule D:\架构课\8. eggjs\egg-example\app\schedule\update_cache.js
2020-03-23 19:39:34,052 INFO 19028 [Job#15849635726532715659728519996] D:\架构课\8. eggjs\egg-example\app\schedule\update_cache.js executing by app
2020-03-23 19:39:34,299 INFO 19028 [Job#15849635726532715659728519996] D:\架构课\8. eggjs\egg-example\app\schedule\update_cache.js execute succeed, used 247ms
2020-03-23 19:39:38,723 INFO 18544 [egg-schedule]: register schedule D:\架构课\8. eggjs\egg-example\node_modules\egg-multipart\app\schedule\clean_tmpdir.js
2020-03-23 19:39:38,723 INFO 18544 [egg-schedule]: register schedule D:\架构课\8. eggjs\egg-example\node_modules\egg-logrotator\app\schedule\clean_log.js
2020-03-23 19:39:38,723 INFO 18544 [egg-schedule]: register schedule D:\架构课\8. eggjs\egg-example\node_modules\egg-logrotator\app\schedule\rotate_by_file.js
2020-03-23 19:39:38,723 INFO 18544 [egg-schedule]: register schedule D:\架构课\8. eggjs\egg-example\app\schedule\update_cache.js
2020-03-23 19:39:42,655 INFO 18544 [Job#15849635826542716659861170097] D:\架构课\8. eggjs\egg-example\app\schedule\update_cache.js executing by app
2020-03-23 19:39:42,777 INFO 18544 [Job#15849635826542716659861170097] D:\架构课\8. eggjs\egg-example\app\schedule\update_cache.js execute succeed, used 122ms
2020-03-23 19:39:44,646 INFO 22204 [egg-schedule]: register schedule D:\架构课\8. eggjs\egg-example\node_modules\egg-multipart\app\schedule\clean_tmpdir.js
2020-03-23 19:39:44,646 INFO 22204 [egg-schedule]: register schedule D:\架构课\8. eggjs\egg-example\node_modules\egg-logrotator\app\schedule\clean_log.js
2020-03-23 19:39:44,646 INFO 22204 [egg-schedule]: register schedule D:\架构课\8. eggjs\egg-example\node_modules\egg-logrotator\app\schedule\rotate_by_file.js
2020-03-23 19:39:44,646 INFO 22204 [egg-schedule]: register schedule D:\架构课\8. eggjs\egg-example\app\schedule\update_cache.js
2020-03-23 19:39:44,944 INFO 22204 [Job#15849635826542716659861170097] D:\架构课\8. eggjs\egg-example\app\schedule\update_cache.js executing by app
2020-03-23 19:39:45,206 INFO 22204 [Job#15849635826542716659861170097] D:\架构课\8. eggjs\egg-example\app\schedule\update_cache.js execute succeed, used 262ms
2020-03-23 19:39:49,463 INFO 22640 [egg-schedule]: register schedule D:\架构课\8. eggjs\egg-example\node_modules\egg-multipart\app\schedule\clean_tmpdir.js
2020-03-23 19:39:49,463 INFO 22640 [egg-schedule]: register schedule D:\架构课\8. eggjs\egg-example\node_modules\egg-logrotator\app\schedule\clean_log.js
2020-03-23 19:39:49,463 INFO 22640 [egg-schedule]: register schedule D:\架构课\8. eggjs\egg-example\node_modules\egg-logrotator\app\schedule\rotate_by_file.js
2020-03-23 19:39:49,463 INFO 22640 [egg-schedule]: register schedule D:\架构课\8. eggjs\egg-example\app\schedule\update_cache.js
2020-03-23 19:39:52,656 INFO 22640 [Job#15849635926562717660020890098] D:\架构课\8. eggjs\egg-example\app\schedule\update_cache.js executing by app
2020-03-23 19:39:52,792 INFO 22640 [Job#15849635926562717660020890098] D:\架构课\8. eggjs\egg-example\app\schedule\update_cache.js execute succeed, used 136ms
2020-03-23 19:40:02,657 INFO 22640 [Job#15849636026562718660093350099] D:\架构课\8. eggjs\egg-example\app\schedule\update_cache.js executing by app
2020-03-23 19:40:02,838 INFO 22640 [Job#15849636026562718660093350099] D:\架构课\8. eggjs\egg-example\app\schedule\update_cache.js execute succeed, used 180ms
2020-03-23 19:40:07,591 INFO 22404 [egg-schedule]: register schedule D:\架构课\8. eggjs\egg-example\node_modules\egg-multipart\app\schedule\clean_tmpdir.js
2020-03-23 19:40:07,591 INFO 22404 [egg-schedule]: register schedule D:\架构课\8. eggjs\egg-example\node_modules\egg-logrotator\app\schedule\clean_log.js
2020-03-23 19:40:07,591 INFO 22404 [egg-schedule]: register schedule D:\架构课\8. eggjs\egg-example\node_modules\egg-logrotator\app\schedule\rotate_by_file.js
2020-03-23 19:40:07,591 INFO 22404 [egg-schedule]: register schedule D:\架构课\8. eggjs\egg-example\app\schedule\update_cache.js
2020-03-23 19:40:10,820 INFO 13952 [egg-schedule]: register schedule D:\架构课\8. eggjs\egg-example\node_modules\egg-multipart\app\schedule\clean_tmpdir.js
2020-03-23 19:40:10,820 INFO 13952 [egg-schedule]: register schedule D:\架构课\8. eggjs\egg-example\node_modules\egg-logrotator\app\schedule\clean_log.js
2020-03-23 19:40:10,820 INFO 13952 [egg-schedule]: register schedule D:\架构课\8. eggjs\egg-example\node_modules\egg-logrotator\app\schedule\rotate_by_file.js
2020-03-23 19:40:10,820 INFO 13952 [egg-schedule]: register schedule D:\架构课\8. eggjs\egg-example\app\schedule\update_cache.js
2020-03-23 19:40:12,657 INFO 13952 [Job#158496361265727196601758300100] D:\架构课\8. eggjs\egg-example\app\schedule\update_cache.js executing by app
2020-03-23 19:40:12,750 INFO 13952 [Job#158496361265727196601758300100] D:\架构课\8. eggjs\egg-example\app\schedule\update_cache.js execute succeed, used 92ms
2020-03-23 19:40:22,657 INFO 13952 [Job#158496362265727206601172000101] D:\架构课\8. eggjs\egg-example\app\schedule\update_cache.js executing by app
2020-03-23 19:40:22,845 INFO 13952 [Job#158496362265727206601172000101] D:\架构课\8. eggjs\egg-example\app\schedule\update_cache.js execute succeed, used 188ms
2020-03-23 19:40:32,657 INFO 13952 [Job#158496363265727216601737600102] D:\架构课\8. eggjs\egg-example\app\schedule\update_cache.js executing by app
2020-03-23 19:40:32,845 INFO 13952 [Job#158496363265727216601737600102] D:\架构课\8. eggjs\egg-example\app\schedule\update_cache.js execute succeed, used 187ms
2020-03-23 19:40:42,658 INFO 13952 [Job#158496364265827226602051500103] D:\架构课\8. eggjs\egg-example\app\schedule\update_cache.js executing by app
2020-03-23 19:40:42,839 INFO 13952 [Job#158496364265827226602051500103] D:\架构课\8. eggjs\egg-example\app\schedule\update_cache.js execute succeed, used 181ms
2020-03-23 19:40:52,659 INFO 13952 [Job#158496365265927236603138799104] D:\架构课\8. eggjs\egg-example\app\schedule\update_cache.js executing by app
2020-03-23 19:40:52,840 INFO 13952 [Job#158496365265927236603138799104] D:\架构课\8. eggjs\egg-example\app\schedule\update_cache.js execute succeed, used 181ms
2020-03-23 19:41:02,659 INFO 13952 [Job#158496366265927246603723700105] D:\架构课\8. eggjs\egg-example\app\schedule\update_cache.js executing by app
2020-03-23 19:41:02,834 INFO 13952 [Job#158496366265927246603723700105] D:\架构课\8. eggjs\egg-example\app\schedule\update_cache.js execute succeed, used 175ms
2020-03-23 19:41:12,660 INFO 13952 [Job#158496367265927256603498099106] D:\架构课\8. eggjs\egg-example\app\schedule\update_cache.js executing by app
2020-03-23 19:41:12,822 INFO 13952 [Job#158496367265927256603498099106] D:\架构课\8. eggjs\egg-example\app\schedule\update_cache.js execute succeed, used 162ms
2020-03-23 19:45:32,468 INFO 2100 [egg-schedule]: register schedule D:\架构课\8. eggjs\egg-example\node_modules\egg-multipart\app\schedule\clean_tmpdir.js
2020-03-23 19:45:32,469 INFO 2100 [egg-schedule]: register schedule D:\架构课\8. eggjs\egg-example\node_modules\egg-logrotator\app\schedule\clean_log.js
2020-03-23 19:45:32,469 INFO 2100 [egg-schedule]: register schedule D:\架构课\8. eggjs\egg-example\node_modules\egg-logrotator\app\schedule\rotate_by_file.js
2020-03-23 19:45:32,469 INFO 2100 [egg-schedule]: register schedule D:\架构课\8. eggjs\egg-example\app\schedule\update_cache.js
2020-03-23 19:45:32,897 INFO 5944 [Timer] D:\架构课\8. eggjs\egg-example\node_modules\egg-multipart\app\schedule\clean_tmpdir.js next time will execute after 31467108ms at 2020-03-24 04:30:00.005
2020-03-23 19:45:32,898 INFO 5944 [Timer] D:\架构课\8. eggjs\egg-example\node_modules\egg-logrotator\app\schedule\clean_log.js next time will execute after 15267103ms at 2020-03-24 00:00:00.001
2020-03-23 19:45:32,898 INFO 5944 [Timer] D:\架构课\8. eggjs\egg-example\node_modules\egg-logrotator\app\schedule\rotate_by_file.js next time will execute after 15268102ms at 2020-03-24 00:00:01.000
2020-03-23 19:45:32,898 INFO 5944 [Timer] D:\架构课\8. eggjs\egg-example\app\schedule\update_cache.js next time will execute after 10000ms at 2020-03-23 19:45:42.898
2020-03-23 19:45:42,901 INFO 2100 [Job#1584963942900275268451112991] D:\架构课\8. eggjs\egg-example\app\schedule\update_cache.js executing by app
2020-03-23 19:45:42,901 INFO 2100 [Job#1584963942900275268451112991] D:\架构课\8. eggjs\egg-example\app\schedule\update_cache.js execute succeed, used 0ms
2020-03-23 19:45:42,900 INFO 5944 [Timer] D:\架构课\8. eggjs\egg-example\app\schedule\update_cache.js next time will execute after 10000ms at 2020-03-23 19:45:52.900
2020-03-23 19:45:52,902 INFO 2100 [Job#1584963952901275368465804992] D:\架构课\8. eggjs\egg-example\app\schedule\update_cache.js executing by app
2020-03-23 19:45:52,902 INFO 2100 [Job#1584963952901275368465804992] D:\架构课\8. eggjs\egg-example\app\schedule\update_cache.js execute succeed, used 0ms
2020-03-23 19:45:52,902 INFO 5944 [Timer] D:\架构课\8. eggjs\egg-example\app\schedule\update_cache.js next time will execute after 10000ms at 2020-03-23 19:46:02.902
2020-03-23 19:46:02,903 INFO 2100 [Job#1584963962903275468479410003] D:\架构课\8. eggjs\egg-example\app\schedule\update_cache.js executing by app
2020-03-23 19:46:02,904 INFO 2100 [Job#1584963962903275468479410003] D:\架构课\8. eggjs\egg-example\app\schedule\update_cache.js execute succeed, used 0ms
2020-03-23 19:46:02,903 INFO 5944 [Timer] D:\架构课\8. eggjs\egg-example\app\schedule\update_cache.js next time will execute after 10000ms at 2020-03-23 19:46:12.903
2020-03-23 19:46:12,905 INFO 2100 [Job#1584963972904275568494718004] D:\架构课\8. eggjs\egg-example\app\schedule\update_cache.js executing by app
2020-03-23 19:46:12,905 INFO 2100 [Job#1584963972904275568494718004] D:\架构课\8. eggjs\egg-example\app\schedule\update_cache.js execute succeed, used 0ms
2020-03-23 19:46:12,904 INFO 5944 [Timer] D:\架构课\8. eggjs\egg-example\app\schedule\update_cache.js next time will execute after 10000ms at 2020-03-23 19:46:22.904
2020-03-23 19:46:22,906 INFO 2100 [Job#1584963982905275668506445005] D:\架构课\8. eggjs\egg-example\app\schedule\update_cache.js executing by app
2020-03-23 19:46:22,906 INFO 2100 [Job#1584963982905275668506445005] D:\架构课\8. eggjs\egg-example\app\schedule\update_cache.js execute succeed, used 0ms
2020-03-23 19:46:22,906 INFO 5944 [Timer] D:\架构课\8. eggjs\egg-example\app\schedule\update_cache.js next time will execute after 10000ms at 2020-03-23 19:46:32.906
2020-03-23 19:46:32,907 INFO 2100 [Job#1584963992906275768509326006] D:\架构课\8. eggjs\egg-example\app\schedule\update_cache.js executing by app
2020-03-23 19:46:32,907 INFO 2100 [Job#1584963992906275768509326006] D:\架构课\8. eggjs\egg-example\app\schedule\update_cache.js execute succeed, used 0ms
2020-03-23 19:46:32,907 INFO 5944 [Timer] D:\架构课\8. eggjs\egg-example\app\schedule\update_cache.js next time will execute after 10000ms at 2020-03-23 19:46:42.907
2020-03-23 19:46:42,909 INFO 2100 [Job#1584964002908275868523939997] D:\架构课\8. eggjs\egg-example\app\schedule\update_cache.js executing by app
2020-03-23 19:46:42,909 INFO 2100 [Job#1584964002908275868523939997] D:\架构课\8. eggjs\egg-example\app\schedule\update_cache.js execute succeed, used 0ms
2020-03-23 19:46:42,908 INFO 5944 [Timer] D:\架构课\8. eggjs\egg-example\app\schedule\update_cache.js next time will execute after 10000ms at 2020-03-23 19:46:52.908
2020-03-23 19:46:52,909 INFO 2100 [Job#1584964012908275968528525998] D:\架构课\8. eggjs\egg-example\app\schedule\update_cache.js executing by app
2020-03-23 19:46:52,909 INFO 2100 [Job#1584964012908275968528525998] D:\架构课\8. eggjs\egg-example\app\schedule\update_cache.js execute succeed, used 0ms
2020-03-23 19:46:52,909 INFO 5944 [Timer] D:\架构课\8. eggjs\egg-example\app\schedule\update_cache.js next time will execute after 10000ms at 2020-03-23 19:47:02.909
2020-03-23 19:47:02,910 INFO 5944 [Timer] D:\架构课\8. eggjs\egg-example\app\schedule\update_cache.js next time will execute after 10000ms at 2020-03-23 19:47:12.910
2020-03-23 19:47:02,911 INFO 2100 [Job#1584964022910276068541067009] D:\架构课\8. eggjs\egg-example\app\schedule\update_cache.js executing by app
2020-03-23 19:47:02,911 INFO 2100 [Job#1584964022910276068541067009] D:\架构课\8. eggjs\egg-example\app\schedule\update_cache.js execute succeed, used 0ms
2020-03-23 19:47:12,911 INFO 5944 [Timer] D:\架构课\8. eggjs\egg-example\app\schedule\update_cache.js next time will execute after 10000ms at 2020-03-23 19:47:22.911
2020-03-23 19:47:12,912 INFO 2100 [Job#15849640329112761685556480010] D:\架构课\8. eggjs\egg-example\app\schedule\update_cache.js executing by app
2020-03-23 19:47:12,912 INFO 2100 [Job#15849640329112761685556480010] D:\架构课\8. eggjs\egg-example\app\schedule\update_cache.js execute succeed, used 0ms
2020-03-23 19:47:22,911 INFO 5944 [Timer] D:\架构课\8. eggjs\egg-example\app\schedule\update_cache.js next time will execute after 10000ms at 2020-03-23 19:47:32.911
2020-03-23 19:47:22,912 INFO 2100 [Job#15849640429112762685566239911] D:\架构课\8. eggjs\egg-example\app\schedule\update_cache.js executing by app
2020-03-23 19:47:22,912 INFO 2100 [Job#15849640429112762685566239911] D:\架构课\8. eggjs\egg-example\app\schedule\update_cache.js execute succeed, used 0ms
2020-03-23 19:47:32,913 INFO 5944 [Timer] D:\架构课\8. eggjs\egg-example\app\schedule\update_cache.js next time will execute after 10000ms at 2020-03-23 19:47:42.913
2020-03-23 19:47:32,913 INFO 2100 [Job#15849640529132763685709659912] D:\架构课\8. eggjs\egg-example\app\schedule\update_cache.js executing by app
2020-03-23 19:47:32,914 INFO 2100 [Job#15849640529132763685709659912] D:\架构课\8. eggjs\egg-example\app\schedule\update_cache.js execute succeed, used 1ms
2020-03-23 19:47:42,914 INFO 5944 [Timer] D:\架构课\8. eggjs\egg-example\app\schedule\update_cache.js next time will execute after 10000ms at 2020-03-23 19:47:52.914
2020-03-23 19:47:42,914 INFO 2100 [Job#15849640629132764685798980013] D:\架构课\8. eggjs\egg-example\app\schedule\update_cache.js executing by app
2020-03-23 19:47:42,915 INFO 2100 [Job#15849640629132764685798980013] D:\架构课\8. eggjs\egg-example\app\schedule\update_cache.js execute succeed, used 1ms
2020-03-23 19:47:52,916 INFO 5944 [Timer] D:\架构课\8. eggjs\egg-example\app\schedule\update_cache.js next time will execute after 10000ms at 2020-03-23 19:48:02.916
2020-03-23 19:47:52,917 INFO 2100 [Job#15849640729162765686026800014] D:\架构课\8. eggjs\egg-example\app\schedule\update_cache.js executing by app
2020-03-23 19:47:52,917 INFO 2100 [Job#15849640729162765686026800014] D:\架构课\8. eggjs\egg-example\app\schedule\update_cache.js execute succeed, used 0ms
2020-03-23 19:48:02,917 INFO 5944 [Timer] D:\架构课\8. eggjs\egg-example\app\schedule\update_cache.js next time will execute after 10000ms at 2020-03-23 19:48:12.917
2020-03-23 19:48:02,917 INFO 2100 [Job#15849640829162766686075320015] D:\架构课\8. eggjs\egg-example\app\schedule\update_cache.js executing by app
2020-03-23 19:48:02,917 INFO 2100 [Job#15849640829162766686075320015] D:\架构课\8. eggjs\egg-example\app\schedule\update_cache.js execute succeed, used 0ms
2020-03-23 19:48:12,919 INFO 5944 [Timer] D:\架构课\8. eggjs\egg-example\app\schedule\update_cache.js next time will execute after 10000ms at 2020-03-23 19:48:22.919
2020-03-23 19:48:12,919 INFO 2100 [Job#15849640929192767686304290016] D:\架构课\8. eggjs\egg-example\app\schedule\update_cache.js executing by app
2020-03-23 19:48:12,920 INFO 2100 [Job#15849640929192767686304290016] D:\架构课\8. eggjs\egg-example\app\schedule\update_cache.js execute succeed, used 1ms
2020-03-23 19:48:22,920 INFO 5944 [Timer] D:\架构课\8. eggjs\egg-example\app\schedule\update_cache.js next time will execute after 10000ms at 2020-03-23 19:48:32.919
2020-03-23 19:48:22,920 INFO 2100 [Job#15849641029192768686372529917] D:\架构课\8. eggjs\egg-example\app\schedule\update_cache.js executing by app
2020-03-23 19:48:22,920 INFO 2100 [Job#15849641029192768686372529917] D:\架构课\8. eggjs\egg-example\app\schedule\update_cache.js execute succeed, used 0ms
2020-03-23 19:48:32,921 INFO 5944 [Timer] D:\架构课\8. eggjs\egg-example\app\schedule\update_cache.js next time will execute after 10000ms at 2020-03-23 19:48:42.921
2020-03-23 19:48:32,922 INFO 2100 [Job#15849641129212769686539760018] D:\架构课\8. eggjs\egg-example\app\schedule\update_cache.js executing by app
2020-03-23 19:48:32,922 INFO 2100 [Job#15849641129212769686539760018] D:\架构课\8. eggjs\egg-example\app\schedule\update_cache.js execute succeed, used 0ms
2020-03-23 19:48:42,921 INFO 5944 [Timer] D:\架构课\8. eggjs\egg-example\app\schedule\update_cache.js next time will execute after 10000ms at 2020-03-23 19:48:52.921
2020-03-23 19:48:42,922 INFO 2100 [Job#15849641229212770686560590019] D:\架构课\8. eggjs\egg-example\app\schedule\update_cache.js executing by app
2020-03-23 19:48:42,922 INFO 2100 [Job#15849641229212770686560590019] D:\架构课\8. eggjs\egg-example\app\schedule\update_cache.js execute succeed, used 0ms
2020-03-23 19:48:52,922 INFO 5944 [Timer] D:\架构课\8. eggjs\egg-example\app\schedule\update_cache.js next time will execute after 10000ms at 2020-03-23 19:49:02.921
2020-03-23 19:48:52,922 INFO 2100 [Job#15849641329212771686572780020] D:\架构课\8. eggjs\egg-example\app\schedule\update_cache.js executing by app
2020-03-23 19:48:52,922 INFO 2100 [Job#15849641329212771686572780020] D:\架构课\8. eggjs\egg-example\app\schedule\update_cache.js execute succeed, used 0ms
2020-03-23 19:49:02,923 INFO 5944 [Timer] D:\架构课\8. eggjs\egg-example\app\schedule\update_cache.js next time will execute after 10000ms at 2020-03-23 19:49:12.923
2020-03-23 19:49:02,923 INFO 2100 [Job#15849641429232772686719869921] D:\架构课\8. eggjs\egg-example\app\schedule\update_cache.js executing by app
2020-03-23 19:49:02,924 INFO 2100 [Job#15849641429232772686719869921] D:\架构课\8. eggjs\egg-example\app\schedule\update_cache.js execute succeed, used 0ms
2020-03-23 19:49:12,925 INFO 5944 [Timer] D:\架构课\8. eggjs\egg-example\app\schedule\update_cache.js next time will execute after 10000ms at 2020-03-23 19:49:22.925
2020-03-23 19:49:12,926 INFO 2100 [Job#15849641529252773686952610022] D:\架构课\8. eggjs\egg-example\app\schedule\update_cache.js executing by app
2020-03-23 19:49:12,926 INFO 2100 [Job#15849641529252773686952610022] D:\架构课\8. eggjs\egg-example\app\schedule\update_cache.js execute succeed, used 0ms
2020-03-23 19:49:22,926 INFO 5944 [Timer] D:\架构课\8. eggjs\egg-example\app\schedule\update_cache.js next time will execute after 10000ms at 2020-03-23 19:49:32.926
2020-03-23 19:49:22,927 INFO 2100 [Job#15849641629262774687049560023] D:\架构课\8. eggjs\egg-example\app\schedule\update_cache.js executing by app
2020-03-23 19:49:22,927 INFO 2100 [Job#15849641629262774687049560023] D:\架构课\8. eggjs\egg-example\app\schedule\update_cache.js execute succeed, used 0ms
2020-03-23 19:49:32,926 INFO 5944 [Timer] D:\架构课\8. eggjs\egg-example\app\schedule\update_cache.js next time will execute after 10000ms at 2020-03-23 19:49:42.926
2020-03-23 19:49:32,927 INFO 2100 [Job#15849641729262775687071119924] D:\架构课\8. eggjs\egg-example\app\schedule\update_cache.js executing by app
2020-03-23 19:49:32,927 INFO 2100 [Job#15849641729262775687071119924] D:\架构课\8. eggjs\egg-example\app\schedule\update_cache.js execute succeed, used 0ms
2020-03-23 19:49:42,927 INFO 5944 [Timer] D:\架构课\8. eggjs\egg-example\app\schedule\update_cache.js next time will execute after 10000ms at 2020-03-23 19:49:52.927
2020-03-23 19:49:42,927 INFO 2100 [Job#15849641829272776687122370025] D:\架构课\8. eggjs\egg-example\app\schedule\update_cache.js executing by app
2020-03-23 19:49:42,928 INFO 2100 [Job#15849641829272776687122370025] D:\架构课\8. eggjs\egg-example\app\schedule\update_cache.js execute succeed, used 1ms
2020-03-23 19:49:52,927 INFO 5944 [Timer] D:\架构课\8. eggjs\egg-example\app\schedule\update_cache.js next time will execute after 10000ms at 2020-03-23 19:50:02.927
2020-03-23 19:49:52,928 INFO 2100 [Job#15849641929272777687154750026] D:\架构课\8. eggjs\egg-example\app\schedule\update_cache.js executing by app
2020-03-23 19:49:52,928 INFO 2100 [Job#15849641929272777687154750026] D:\架构课\8. eggjs\egg-example\app\schedule\update_cache.js execute succeed, used 0ms
2020-03-23 19:50:02,928 INFO 5944 [Timer] D:\架构课\8. eggjs\egg-example\app\schedule\update_cache.js next time will execute after 10000ms at 2020-03-23 19:50:12.928
2020-03-23 19:50:02,928 INFO 2100 [Job#15849642029272778687180260027] D:\架构课\8. eggjs\egg-example\app\schedule\update_cache.js executing by app
2020-03-23 19:50:02,928 INFO 2100 [Job#15849642029272778687180260027] D:\架构课\8. eggjs\egg-example\app\schedule\update_cache.js execute succeed, used 0ms
2020-03-23 19:50:12,928 INFO 5944 [Timer] D:\架构课\8. eggjs\egg-example\app\schedule\update_cache.js next time will execute after 10000ms at 2020-03-23 19:50:22.928
2020-03-23 19:50:12,929 INFO 2100 [Job#15849642129282779687261509928] D:\架构课\8. eggjs\egg-example\app\schedule\update_cache.js executing by app
2020-03-23 19:50:12,929 INFO 2100 [Job#15849642129282779687261509928] D:\架构课\8. eggjs\egg-example\app\schedule\update_cache.js execute succeed, used 0ms
2020-03-23 19:50:22,929 INFO 5944 [Timer] D:\架构课\8. eggjs\egg-example\app\schedule\update_cache.js next time will execute after 10000ms at 2020-03-23 19:50:32.929
2020-03-23 19:50:22,930 INFO 2100 [Job#15849642229292780687348150029] D:\架构课\8. eggjs\egg-example\app\schedule\update_cache.js executing by app
2020-03-23 19:50:22,930 INFO 2100 [Job#15849642229292780687348150029] D:\架构课\8. eggjs\egg-example\app\schedule\update_cache.js execute succeed, used 0ms
2020-03-23 19:50:32,930 INFO 5944 [Timer] D:\架构课\8. eggjs\egg-example\app\schedule\update_cache.js next time will execute after 10000ms at 2020-03-23 19:50:42.930
2020-03-23 19:50:32,930 INFO 2100 [Job#15849642329302781687450519930] D:\架构课\8. eggjs\egg-example\app\schedule\update_cache.js executing by app
2020-03-23 19:50:32,930 INFO 2100 [Job#15849642329302781687450519930] D:\架构课\8. eggjs\egg-example\app\schedule\update_cache.js execute succeed, used 0ms
2020-03-23 19:50:42,931 INFO 5944 [Timer] D:\架构课\8. eggjs\egg-example\app\schedule\update_cache.js next time will execute after 10000ms at 2020-03-23 19:50:52.931
2020-03-23 19:50:42,930 INFO 2100 [Job#15849642429302782687486510031] D:\架构课\8. eggjs\egg-example\app\schedule\update_cache.js executing by app
2020-03-23 19:50:42,930 INFO 2100 [Job#15849642429302782687486510031] D:\架构课\8. eggjs\egg-example\app\schedule\update_cache.js execute succeed, used 0ms
2020-03-23 19:50:52,931 INFO 5944 [Timer] D:\架构课\8. eggjs\egg-example\app\schedule\update_cache.js next time will execute after 10000ms at 2020-03-23 19:51:02.931
2020-03-23 19:50:52,931 INFO 2100 [Job#15849642529312783687570149932] D:\架构课\8. eggjs\egg-example\app\schedule\update_cache.js executing by app
2020-03-23 19:50:52,931 INFO 2100 [Job#15849642529312783687570149932] D:\架构课\8. eggjs\egg-example\app\schedule\update_cache.js execute succeed, used 0ms
2020-03-23 19:51:02,932 INFO 5944 [Timer] D:\架构课\8. eggjs\egg-example\app\schedule\update_cache.js next time will execute after 10000ms at 2020-03-23 19:51:12.932
2020-03-23 19:51:02,931 INFO 2100 [Job#15849642629322784687612809933] D:\架构课\8. eggjs\egg-example\app\schedule\update_cache.js executing by app
2020-03-23 19:51:02,932 INFO 2100 [Job#15849642629322784687612809933] D:\架构课\8. eggjs\egg-example\app\schedule\update_cache.js execute succeed, used 1ms
2020-03-23 19:51:12,933 INFO 5944 [Timer] D:\架构课\8. eggjs\egg-example\app\schedule\update_cache.js next time will execute after 10000ms at 2020-03-23 19:51:22.933
2020-03-23 19:51:12,933 INFO 2100 [Job#15849642729332785687744220034] D:\架构课\8. eggjs\egg-example\app\schedule\update_cache.js executing by app
2020-03-23 19:51:12,933 INFO 2100 [Job#15849642729332785687744220034] D:\架构课\8. eggjs\egg-example\app\schedule\update_cache.js execute succeed, used 0ms
2020-03-23 19:51:22,934 INFO 5944 [Timer] D:\架构课\8. eggjs\egg-example\app\schedule\update_cache.js next time will execute after 10000ms at 2020-03-23 19:51:32.934
2020-03-23 19:51:22,934 INFO 2100 [Job#15849642829342786687814700035] D:\架构课\8. eggjs\egg-example\app\schedule\update_cache.js executing by app
2020-03-23 19:51:22,934 INFO 2100 [Job#15849642829342786687814700035] D:\架构课\8. eggjs\egg-example\app\schedule\update_cache.js execute succeed, used 0ms
2020-03-23 19:51:32,936 INFO 5944 [Timer] D:\架构课\8. eggjs\egg-example\app\schedule\update_cache.js next time will execute after 10000ms at 2020-03-23 19:51:42.936
2020-03-23 19:51:32,936 INFO 2100 [Job#15849642929352787687970189936] D:\架构课\8. eggjs\egg-example\app\schedule\update_cache.js executing by app
2020-03-23 19:51:32,937 INFO 2100 [Job#15849642929352787687970189936] D:\架构课\8. eggjs\egg-example\app\schedule\update_cache.js execute succeed, used 1ms
2020-03-23 19:51:42,937 INFO 5944 [Timer] D:\架构课\8. eggjs\egg-example\app\schedule\update_cache.js next time will execute after 10000ms at 2020-03-23 19:51:52.937
2020-03-23 19:51:42,937 INFO 2100 [Job#15849643029372788688115619937] D:\架构课\8. eggjs\egg-example\app\schedule\update_cache.js executing by app
2020-03-23 19:51:42,938 INFO 2100 [Job#15849643029372788688115619937] D:\架构课\8. eggjs\egg-example\app\schedule\update_cache.js execute succeed, used 1ms
2020-03-23 19:51:52,938 INFO 5944 [Timer] D:\架构课\8. eggjs\egg-example\app\schedule\update_cache.js next time will execute after 10000ms at 2020-03-23 19:52:02.938
2020-03-23 19:51:52,938 INFO 2100 [Job#15849643129372789688181699938] D:\架构课\8. eggjs\egg-example\app\schedule\update_cache.js executing by app
2020-03-23 19:51:52,938 INFO 2100 [Job#15849643129372789688181699938] D:\架构课\8. eggjs\egg-example\app\schedule\update_cache.js execute succeed, used 0ms
2020-03-23 19:52:02,938 INFO 5944 [Timer] D:\架构课\8. eggjs\egg-example\app\schedule\update_cache.js next time will execute after 10000ms at 2020-03-23 19:52:12.938
2020-03-23 19:52:02,939 INFO 2100 [Job#15849643229382790688252750039] D:\架构课\8. eggjs\egg-example\app\schedule\update_cache.js executing by app
2020-03-23 19:52:02,939 INFO 2100 [Job#15849643229382790688252750039] D:\架构课\8. eggjs\egg-example\app\schedule\update_cache.js execute succeed, used 0ms
2020-03-23 19:52:12,939 INFO 5944 [Timer] D:\架构课\8. eggjs\egg-example\app\schedule\update_cache.js next time will execute after 10000ms at 2020-03-23 19:52:22.939
2020-03-23 19:52:12,939 INFO 2100 [Job#15849643329382791688294850040] D:\架构课\8. eggjs\egg-example\app\schedule\update_cache.js executing by app
2020-03-23 19:52:12,939 INFO 2100 [Job#15849643329382791688294850040] D:\架构课\8. eggjs\egg-example\app\schedule\update_cache.js execute succeed, used 0ms
2020-03-23 19:52:22,940 INFO 5944 [Timer] D:\架构课\8. eggjs\egg-example\app\schedule\update_cache.js next time will execute after 10000ms at 2020-03-23 19:52:32.940
2020-03-23 19:52:22,941 INFO 2100 [Job#15849643429402792688424860041] D:\架构课\8. eggjs\egg-example\app\schedule\update_cache.js executing by app
2020-03-23 19:52:22,941 INFO 2100 [Job#15849643429402792688424860041] D:\架构课\8. eggjs\egg-example\app\schedule\update_cache.js execute succeed, used 0ms
2020-03-23 19:52:32,940 INFO 5944 [Timer] D:\架构课\8. eggjs\egg-example\app\schedule\update_cache.js next time will execute after 10000ms at 2020-03-23 19:52:42.940
2020-03-23 19:52:32,941 INFO 2100 [Job#15849643529402793688467130042] D:\架构课\8. eggjs\egg-example\app\schedule\update_cache.js executing by app
2020-03-23 19:52:32,941 INFO 2100 [Job#15849643529402793688467130042] D:\架构课\8. eggjs\egg-example\app\schedule\update_cache.js execute succeed, used 0ms
2020-03-23 19:52:42,940 INFO 5944 [Timer] D:\架构课\8. eggjs\egg-example\app\schedule\update_cache.js next time will execute after 10000ms at 2020-03-23 19:52:52.940
2020-03-23 19:52:42,940 INFO 2100 [Job#15849643629402794688416880043] D:\架构课\8. eggjs\egg-example\app\schedule\update_cache.js executing by app
2020-03-23 19:52:42,940 INFO 2100 [Job#15849643629402794688416880043] D:\架构课\8. eggjs\egg-example\app\schedule\update_cache.js execute succeed, used 0ms
2020-03-23 19:52:52,941 INFO 5944 [Timer] D:\架构课\8. eggjs\egg-example\app\schedule\update_cache.js next time will execute after 10000ms at 2020-03-23 19:53:02.941
2020-03-23 19:52:52,942 INFO 2100 [Job#15849643729412795688557330044] D:\架构课\8. eggjs\egg-example\app\schedule\update_cache.js executing by app
2020-03-23 19:52:52,942 INFO 2100 [Job#15849643729412795688557330044] D:\架构课\8. eggjs\egg-example\app\schedule\update_cache.js execute succeed, used 0ms
2020-03-23 19:53:02,942 INFO 5944 [Timer] D:\架构课\8. eggjs\egg-example\app\schedule\update_cache.js next time will execute after 10000ms at 2020-03-23 19:53:12.942
2020-03-23 19:53:02,942 INFO 2100 [Job#15849643829412796688581969945] D:\架构课\8. eggjs\egg-example\app\schedule\update_cache.js executing by app
2020-03-23 19:53:02,942 INFO 2100 [Job#15849643829412796688581969945] D:\架构课\8. eggjs\egg-example\app\schedule\update_cache.js execute succeed, used 0ms
2020-03-23 19:53:04,921 INFO 8212 [egg-schedule]: register schedule D:\架构课\8. eggjs\egg-example\node_modules\egg-multipart\app\schedule\clean_tmpdir.js
2020-03-23 19:53:04,921 INFO 8212 [egg-schedule]: register schedule D:\架构课\8. eggjs\egg-example\node_modules\egg-logrotator\app\schedule\clean_log.js
2020-03-23 19:53:04,921 INFO 8212 [egg-schedule]: register schedule D:\架构课\8. eggjs\egg-example\node_modules\egg-logrotator\app\schedule\rotate_by_file.js
2020-03-23 19:53:04,921 INFO 8212 [egg-schedule]: register schedule D:\架构课\8. eggjs\egg-example\app\schedule\update_cache.js
2020-03-23 19:53:05,395 INFO 8212 [Job#15849643829412796688581969945] D:\架构课\8. eggjs\egg-example\app\schedule\update_cache.js executing by app
2020-03-23 19:53:05,396 INFO 8212 [Job#15849643829412796688581969945] D:\架构课\8. eggjs\egg-example\app\schedule\update_cache.js execute succeed, used 0ms
2020-03-23 19:53:08,452 INFO 21928 [egg-schedule]: register schedule D:\架构课\8. eggjs\egg-example\node_modules\egg-multipart\app\schedule\clean_tmpdir.js
2020-03-23 19:53:08,452 INFO 21928 [egg-schedule]: register schedule D:\架构课\8. eggjs\egg-example\node_modules\egg-logrotator\app\schedule\clean_log.js
2020-03-23 19:53:08,453 INFO 21928 [egg-schedule]: register schedule D:\架构课\8. eggjs\egg-example\node_modules\egg-logrotator\app\schedule\rotate_by_file.js
2020-03-23 19:53:08,453 INFO 21928 [egg-schedule]: register schedule D:\架构课\8. eggjs\egg-example\app\schedule\update_cache.js
2020-03-23 19:53:12,152 INFO 11076 [egg-schedule]: register schedule D:\架构课\8. eggjs\egg-example\node_modules\egg-multipart\app\schedule\clean_tmpdir.js
2020-03-23 19:53:12,153 INFO 11076 [egg-schedule]: register schedule D:\架构课\8. eggjs\egg-example\node_modules\egg-logrotator\app\schedule\clean_log.js
2020-03-23 19:53:12,153 INFO 11076 [egg-schedule]: register schedule D:\架构课\8. eggjs\egg-example\node_modules\egg-logrotator\app\schedule\rotate_by_file.js
2020-03-23 19:53:12,153 INFO 11076 [egg-schedule]: register schedule D:\架构课\8. eggjs\egg-example\app\schedule\update_cache.js
2020-03-23 19:53:12,944 INFO 11076 [Job#15849643929432797688704469946] D:\架构课\8. eggjs\egg-example\app\schedule\update_cache.js executing by app
2020-03-23 19:53:12,944 INFO 11076 [Job#15849643929432797688704469946] D:\架构课\8. eggjs\egg-example\app\schedule\update_cache.js execute succeed, used 0ms
2020-03-23 19:53:12,943 INFO 5944 [Timer] D:\架构课\8. eggjs\egg-example\app\schedule\update_cache.js next time will execute after 10000ms at 2020-03-23 19:53:22.943
2020-03-23 19:53:22,943 INFO 11076 [Job#15849644029432798688731949947] D:\架构课\8. eggjs\egg-example\app\schedule\update_cache.js executing by app
2020-03-23 19:53:22,944 INFO 11076 [Job#15849644029432798688731949947] D:\架构课\8. eggjs\egg-example\app\schedule\update_cache.js execute succeed, used 0ms
2020-03-23 19:53:22,943 INFO 5944 [Timer] D:\架构课\8. eggjs\egg-example\app\schedule\update_cache.js next time will execute after 10000ms at 2020-03-23 19:53:32.943
2020-03-23 19:53:22,673 INFO 22056 [egg-schedule]: register schedule D:\架构课\8. eggjs\egg-example\node_modules\egg-multipart\app\schedule\clean_tmpdir.js
2020-03-23 19:53:22,673 INFO 22056 [egg-schedule]: register schedule D:\架构课\8. eggjs\egg-example\node_modules\egg-logrotator\app\schedule\clean_log.js
2020-03-23 19:53:22,673 INFO 22056 [egg-schedule]: register schedule D:\架构课\8. eggjs\egg-example\node_modules\egg-logrotator\app\schedule\rotate_by_file.js
2020-03-23 19:53:22,673 INFO 22056 [egg-schedule]: register schedule D:\架构课\8. eggjs\egg-example\app\schedule\update_cache.js
2020-03-23 19:53:23,969 INFO 22056 [Job#15849644029432798688731949947] D:\架构课\8. eggjs\egg-example\app\schedule\update_cache.js executing by app
2020-03-23 19:53:23,970 INFO 22056 [Job#15849644029432798688731949947] D:\架构课\8. eggjs\egg-example\app\schedule\update_cache.js execute succeed, used 0ms
2020-03-23 19:53:30,232 INFO 18668 [egg-schedule]: register schedule D:\架构课\8. eggjs\egg-example\node_modules\egg-multipart\app\schedule\clean_tmpdir.js
2020-03-23 19:53:30,232 INFO 18668 [egg-schedule]: register schedule D:\架构课\8. eggjs\egg-example\node_modules\egg-logrotator\app\schedule\clean_log.js
2020-03-23 19:53:30,232 INFO 18668 [egg-schedule]: register schedule D:\架构课\8. eggjs\egg-example\node_modules\egg-logrotator\app\schedule\rotate_by_file.js
2020-03-23 19:53:30,232 INFO 18668 [egg-schedule]: register schedule D:\架构课\8. eggjs\egg-example\app\schedule\update_cache.js
2020-03-23 19:53:30,899 INFO 11636 [egg-schedule]: register schedule D:\架构课\8. eggjs\egg-example\node_modules\egg-multipart\app\schedule\clean_tmpdir.js
2020-03-23 19:53:30,899 INFO 11636 [egg-schedule]: register schedule D:\架构课\8. eggjs\egg-example\node_modules\egg-logrotator\app\schedule\clean_log.js
2020-03-23 19:53:30,899 INFO 11636 [egg-schedule]: register schedule D:\架构课\8. eggjs\egg-example\node_modules\egg-logrotator\app\schedule\rotate_by_file.js
2020-03-23 19:53:30,899 INFO 11636 [egg-schedule]: register schedule D:\架构课\8. eggjs\egg-example\app\schedule\update_cache.js
2020-03-23 19:53:32,945 INFO 11636 [Job#15849644129432799688763110048] D:\架构课\8. eggjs\egg-example\app\schedule\update_cache.js executing by app
2020-03-23 19:53:32,946 INFO 11636 [Job#15849644129432799688763110048] D:\架构课\8. eggjs\egg-example\app\schedule\update_cache.js execute succeed, used 0ms
2020-03-23 19:53:32,943 INFO 5944 [Timer] D:\架构课\8. eggjs\egg-example\app\schedule\update_cache.js next time will execute after 10000ms at 2020-03-23 19:53:42.943
2020-03-23 19:53:32,945 INFO 18668 [Job#15849644129432799688763110048] D:\架构课\8. eggjs\egg-example\app\schedule\update_cache.js executing by app
2020-03-23 19:53:32,946 INFO 18668 [Job#15849644129432799688763110048] D:\架构课\8. eggjs\egg-example\app\schedule\update_cache.js execute succeed, used 0ms
2020-03-23 19:53:42,943 INFO 5944 [Timer] D:\架构课\8. eggjs\egg-example\app\schedule\update_cache.js next time will execute after 10000ms at 2020-03-23 19:53:52.943
2020-03-23 19:53:52,943 INFO 5944 [Timer] D:\架构课\8. eggjs\egg-example\app\schedule\update_cache.js next time will execute after 10000ms at 2020-03-23 19:54:02.943
2020-03-23 19:54:02,943 INFO 5944 [Timer] D:\架构课\8. eggjs\egg-example\app\schedule\update_cache.js next time will execute after 10000ms at 2020-03-23 19:54:12.943
2020-03-23 19:54:12,943 INFO 5944 [Timer] D:\架构课\8. eggjs\egg-example\app\schedule\update_cache.js next time will execute after 10000ms at 2020-03-23 19:54:22.943
2020-03-23 19:54:22,943 INFO 5944 [Timer] D:\架构课\8. eggjs\egg-example\app\schedule\update_cache.js next time will execute after 10000ms at 2020-03-23 19:54:32.943
2020-03-23 19:54:32,943 INFO 5944 [Timer] D:\架构课\8. eggjs\egg-example\app\schedule\update_cache.js next time will execute after 10000ms at 2020-03-23 19:54:42.943
2020-03-23 19:54:42,943 INFO 5944 [Timer] D:\架构课\8. eggjs\egg-example\app\schedule\update_cache.js next time will execute after 10000ms at 2020-03-23 19:54:52.943
2020-03-23 19:54:52,944 INFO 5944 [Timer] D:\架构课\8. eggjs\egg-example\app\schedule\update_cache.js next time will execute after 10000ms at 2020-03-23 19:55:02.944
2020-03-23 19:55:02,944 INFO 5944 [Timer] D:\架构课\8. eggjs\egg-example\app\schedule\update_cache.js next time will execute after 10000ms at 2020-03-23 19:55:12.944
2020-03-23 19:55:12,945 INFO 5944 [Timer] D:\架构课\8. eggjs\egg-example\app\schedule\update_cache.js next time will execute after 10000ms at 2020-03-23 19:55:22.945
2020-03-23 19:55:22,946 INFO 5944 [Timer] D:\架构课\8. eggjs\egg-example\app\schedule\update_cache.js next time will execute after 10000ms at 2020-03-23 19:55:32.946
2020-03-23 19:55:32,947 INFO 5944 [Timer] D:\架构课\8. eggjs\egg-example\app\schedule\update_cache.js next time will execute after 10000ms at 2020-03-23 19:55:42.947
2020-03-23 19:55:42,947 INFO 5944 [Timer] D:\架构课\8. eggjs\egg-example\app\schedule\update_cache.js next time will execute after 10000ms at 2020-03-23 19:55:52.947
2020-03-23 19:55:52,948 INFO 5944 [Timer] D:\架构课\8. eggjs\egg-example\app\schedule\update_cache.js next time will execute after 10000ms at 2020-03-23 19:56:02.948
2020-03-23 19:56:02,948 INFO 5944 [Timer] D:\架构课\8. eggjs\egg-example\app\schedule\update_cache.js next time will execute after 10000ms at 2020-03-23 19:56:12.948
2020-03-23 19:56:12,949 INFO 5944 [Timer] D:\架构课\8. eggjs\egg-example\app\schedule\update_cache.js next time will execute after 10000ms at 2020-03-23 19:56:22.949
2020-03-23 19:56:22,949 INFO 5944 [Timer] D:\架构课\8. eggjs\egg-example\app\schedule\update_cache.js next time will execute after 10000ms at 2020-03-23 19:56:32.949
2020-03-23 19:56:32,950 INFO 5944 [Timer] D:\架构课\8. eggjs\egg-example\app\schedule\update_cache.js next time will execute after 10000ms at 2020-03-23 19:56:42.950
2020-03-23 19:56:42,951 INFO 5944 [Timer] D:\架构课\8. eggjs\egg-example\app\schedule\update_cache.js next time will execute after 10000ms at 2020-03-23 19:56:52.951
2020-03-23 19:56:52,951 INFO 5944 [Timer] D:\架构课\8. eggjs\egg-example\app\schedule\update_cache.js next time will execute after 10000ms at 2020-03-23 19:57:02.951
2020-03-23 19:57:02,951 INFO 5944 [Timer] D:\架构课\8. eggjs\egg-example\app\schedule\update_cache.js next time will execute after 10000ms at 2020-03-23 19:57:12.951
2020-03-23 19:57:12,952 INFO 5944 [Timer] D:\架构课\8. eggjs\egg-example\app\schedule\update_cache.js next time will execute after 10000ms at 2020-03-23 19:57:22.952
2020-03-23 19:57:22,953 INFO 5944 [Timer] D:\架构课\8. eggjs\egg-example\app\schedule\update_cache.js next time will execute after 10000ms at 2020-03-23 19:57:32.953
2020-03-23 19:57:32,954 INFO 5944 [Timer] D:\架构课\8. eggjs\egg-example\app\schedule\update_cache.js next time will execute after 10000ms at 2020-03-23 19:57:42.954
2020-03-23 19:57:42,956 INFO 5944 [Timer] D:\架构课\8. eggjs\egg-example\app\schedule\update_cache.js next time will execute after 10000ms at 2020-03-23 19:57:52.956
2020-03-23 19:57:52,957 INFO 5944 [Timer] D:\架构课\8. eggjs\egg-example\app\schedule\update_cache.js next time will execute after 10000ms at 2020-03-23 19:58:02.957
2020-03-23 19:58:02,960 INFO 5944 [Timer] D:\架构课\8. eggjs\egg-example\app\schedule\update_cache.js next time will execute after 10000ms at 2020-03-23 19:58:12.960
2020-03-23 19:58:12,960 INFO 5944 [Timer] D:\架构课\8. eggjs\egg-example\app\schedule\update_cache.js next time will execute after 10000ms at 2020-03-23 19:58:22.960
2020-03-23 19:58:22,961 INFO 5944 [Timer] D:\架构课\8. eggjs\egg-example\app\schedule\update_cache.js next time will execute after 10000ms at 2020-03-23 19:58:32.961
2020-03-23 19:58:32,962 INFO 5944 [Timer] D:\架构课\8. eggjs\egg-example\app\schedule\update_cache.js next time will execute after 10000ms at 2020-03-23 19:58:42.962
